2025-06-06 20:48:39,845 - INFO - Turnos cargados exitosamente desde turnos.json
2025-06-06 20:48:39,846 - INFO - Archivo de reservas no encontrado, devolviendo lista vacía
2025-06-06 20:58:43,073 - INFO - Turnos cargados exitosamente desde turnos.json
2025-06-06 20:58:43,074 - INFO - Archivo de reservas no encontrado, devolviendo lista vacía
2025-06-06 21:27:47,587 - INFO - Turnos cargados exitosamente desde turnos.json
2025-06-06 21:27:47,588 - INFO - Archivo de reservas no encontrado, devolviendo lista vacía
2025-06-07 14:23:55,034 - INFO - Turnos cargados exitosamente desde turnos.json
2025-06-07 14:23:55,036 - INFO - Archivo de reservas no encontrado, devolviendo lista vacía
2025-06-07 14:26:04,753 - INFO - Turnos cargados exitosamente desde turnos.json
2025-06-07 14:26:04,753 - INFO - Archivo de reservas no encontrado, devolviendo lista vacía
2025-06-07 14:29:46,235 - INFO - Turnos cargados exitosamente desde turnos.json
2025-06-07 14:29:46,235 - INFO - Archivo de reservas no encontrado, devolviendo lista vacía
2025-06-07 14:32:57,415 - INFO - Turnos cargados exitosamente desde turnos.json
2025-06-07 14:32:57,415 - INFO - Archivo de reservas no encontrado, devolviendo lista vacía
2025-06-07 14:35:28,084 - INFO - Turnos cargados exitosamente desde turnos.json
2025-06-07 14:35:28,084 - INFO - Archivo de reservas no encontrado, devolviendo lista vacía
2025-06-07 14:36:38,638 - INFO - Turnos cargados exitosamente desde turnos.json
2025-06-07 14:36:38,639 - INFO - Archivo de reservas no encontrado, devolviendo lista vacía
2025-06-08 13:24:45,186 - INFO - Turnos cargados exitosamente desde turnos.json
2025-06-08 13:24:45,186 - INFO - Archivo de reservas no encontrado, devolviendo lista vacía
2025-06-08 13:25:21,858 - INFO - Turnos cargados exitosamente desde turnos.json
2025-06-08 13:25:21,858 - INFO - Archivo de reservas no encontrado, devolviendo lista vacía
2025-06-08 14:37:18,028 - INFO - Turnos cargados exitosamente desde turnos.json
2025-06-08 14:37:18,028 - INFO - Archivo de reservas no encontrado, devolviendo lista vacía
2025-06-08 14:37:36,729 - INFO - Reservas guardadas exitosamente en reservas.json
2025-06-08 14:37:36,731 - INFO - Turnos guardados exitosamente en turnos.json
2025-06-08 14:37:49,708 - INFO - Turnos cargados exitosamente desde turnos.json
2025-06-08 14:37:49,709 - INFO - Reservas cargadas exitosamente desde reservas.json
2025-06-09 16:06:54,827 - INFO - Turnos cargados exitosamente desde turnos.json
2025-06-09 16:06:54,829 - INFO - Reservas cargadas exitosamente desde reservas.json
2025-06-09 16:18:50,133 - INFO - Turnos cargados exitosamente desde turnos.json
2025-06-09 16:18:50,134 - INFO - Reservas cargadas exitosamente desde reservas.json
2025-06-09 16:24:31,982 - INFO - Turnos guardados exitosamente en turnos.json
2025-06-09 16:24:31,982 - INFO - Archivo de turnos creado con datos iniciales
2025-06-09 16:24:31,983 - INFO - Reservas cargadas exitosamente desde reservas.json
2025-06-09 16:25:59,036 - INFO - Turnos guardados exitosamente en turnos.json
2025-06-09 16:25:59,036 - INFO - Archivo de turnos creado con datos iniciales
2025-06-09 16:25:59,037 - INFO - Reservas cargadas exitosamente desde reservas.json
2025-06-11 20:50:51,193 - INFO - Turnos cargados exitosamente desde turnos.json
2025-06-11 20:50:51,194 - INFO - Reservas cargadas exitosamente desde reservas.json
2025-06-12 13:40:42,497 - INFO - Turnos cargados exitosamente desde turnos.json
2025-06-12 13:40:42,498 - INFO - Reservas cargadas exitosamente desde reservas.json
2025-06-12 13:41:30,699 - INFO - Reservas guardadas exitosamente en reservas.json
2025-06-12 13:41:30,700 - INFO - Turnos guardados exitosamente en turnos.json
2025-06-12 13:42:22,745 - INFO - Turnos cargados exitosamente desde turnos.json
2025-06-12 13:42:22,746 - INFO - Reservas cargadas exitosamente desde reservas.json
2025-06-13 03:38:24,013 - INFO - Turnos cargados exitosamente desde turnos.json
2025-06-13 03:38:24,014 - INFO - Reservas cargadas exitosamente desde reservas.json
2025-06-13 03:45:37,528 - INFO - Turnos cargados exitosamente desde turnos.json
2025-06-13 03:45:37,528 - INFO - Reservas cargadas exitosamente desde reservas.json
2025-06-13 03:46:12,842 - INFO - Reservas guardadas exitosamente en reservas.json
2025-06-13 03:46:12,844 - INFO - Turnos guardados exitosamente en turnos.json
2025-06-13 03:48:50,868 - INFO - Turnos cargados exitosamente desde turnos.json
2025-06-13 03:48:50,869 - INFO - Reservas cargadas exitosamente desde reservas.json
2025-06-13 03:57:14,373 - INFO - Turnos cargados exitosamente desde turnos.json
2025-06-13 03:57:14,374 - INFO - Reservas cargadas exitosamente desde reservas.json
2025-06-13 04:01:01,073 - INFO - Turnos cargados exitosamente desde turnos.json
2025-06-13 04:01:01,074 - INFO - Reservas cargadas exitosamente desde reservas.json
2025-06-13 04:01:44,746 - INFO - Reservas guardadas exitosamente en reservas.json
2025-06-13 04:01:44,748 - INFO - Turnos guardados exitosamente en turnos.json
2025-06-13 04:02:42,195 - INFO - Turnos cargados exitosamente desde turnos.json
2025-06-13 04:02:42,196 - INFO - Reservas cargadas exitosamente desde reservas.json
2025-06-13 04:18:24,180 - INFO - Turnos cargados exitosamente desde turnos.json
2025-06-13 04:18:24,180 - INFO - Reservas cargadas exitosamente desde reservas.json
2025-06-13 04:24:58,364 - INFO - Turnos cargados exitosamente desde turnos.json
2025-06-13 04:24:58,364 - INFO - Reservas cargadas exitosamente desde reservas.json
2025-06-13 22:24:15,688 - INFO - Turnos cargados exitosamente desde turnos.json
2025-06-13 22:24:15,689 - INFO - Reservas cargadas exitosamente desde reservas.json
2025-06-15 21:27:28,148 - INFO - Turnos cargados exitosamente desde turnos.json
2025-06-15 21:27:28,152 - INFO - Reservas cargadas exitosamente desde reservas.json
2025-06-15 21:29:03,167 - INFO - Reservas guardadas exitosamente en reservas.json
2025-06-15 21:29:03,172 - INFO - Turnos guardados exitosamente en turnos.json
2025-06-18 14:09:45,565 - INFO - Turnos cargados exitosamente desde turnos.json
2025-06-18 14:09:45,566 - INFO - Reservas cargadas exitosamente desde reservas.json
2025-06-18 14:10:43,685 - INFO - Reservas guardadas exitosamente en reservas.json
2025-06-18 14:10:43,689 - INFO - Turnos guardados exitosamente en turnos.json
2025-06-18 14:11:01,560 - INFO - Reservas guardadas exitosamente en reservas.json
2025-06-18 14:11:01,563 - INFO - Turnos guardados exitosamente en turnos.json
2025-06-18 14:11:16,139 - INFO - Reservas guardadas exitosamente en reservas.json
2025-06-18 14:11:16,140 - INFO - Turnos guardados exitosamente en turnos.json
2025-06-18 14:11:28,896 - INFO - Reservas guardadas exitosamente en reservas.json
2025-06-18 14:11:28,898 - INFO - Turnos guardados exitosamente en turnos.json
2025-06-18 14:41:54,232 - INFO - Turnos cargados exitosamente desde turnos.json
2025-06-18 14:41:54,232 - INFO - Reservas cargadas exitosamente desde reservas.json
2025-06-18 14:42:43,135 - INFO - Turnos cargados exitosamente desde turnos.json
2025-06-18 14:42:43,136 - INFO - Reservas cargadas exitosamente desde reservas.json
2025-06-18 14:46:11,113 - INFO - Turnos cargados exitosamente desde turnos.json
2025-06-18 14:46:11,114 - INFO - Reservas cargadas exitosamente desde reservas.json
2025-06-18 14:49:03,015 - INFO - Turnos cargados exitosamente desde turnos.json
2025-06-18 14:49:03,016 - INFO - Reservas cargadas exitosamente desde reservas.json
2025-06-18 14:56:12,413 - INFO - Turnos cargados exitosamente desde turnos.json
2025-06-18 14:56:12,414 - INFO - Reservas cargadas exitosamente desde reservas.json
2025-06-18 16:24:50,619 - INFO - Turnos cargados exitosamente desde turnos.json
2025-06-18 16:24:50,620 - INFO - Reservas cargadas exitosamente desde reservas.json
2025-06-18 16:26:39,431 - INFO - Turnos cargados exitosamente desde turnos.json
2025-06-18 16:26:39,432 - INFO - Reservas cargadas exitosamente desde reservas.json
2025-06-18 16:38:13,077 - INFO - Turnos cargados exitosamente desde turnos.json
2025-06-18 16:38:13,078 - INFO - Reservas cargadas exitosamente desde reservas.json
2025-06-18 16:42:47,085 - INFO - Turnos cargados exitosamente desde turnos.json
2025-06-18 16:42:47,086 - INFO - Reservas cargadas exitosamente desde reservas.json
2025-06-18 16:43:07,644 - INFO - Reservas guardadas exitosamente en reservas.json
2025-06-18 16:43:07,647 - INFO - Turnos guardados exitosamente en turnos.json
2025-06-18 16:50:45,178 - INFO - Turnos cargados exitosamente desde turnos.json
2025-06-18 16:50:45,179 - INFO - Reservas cargadas exitosamente desde reservas.json
2025-06-18 16:55:17,653 - INFO - Turnos cargados exitosamente desde turnos.json
2025-06-18 16:55:17,654 - INFO - Reservas cargadas exitosamente desde reservas.json
2025-06-18 17:23:49,957 - INFO - Turnos cargados exitosamente desde turnos.json
2025-06-18 17:23:49,957 - INFO - Reservas cargadas exitosamente desde reservas.json
2025-06-18 17:24:12,601 - INFO - Reservas guardadas exitosamente en reservas.json
2025-06-18 17:24:12,602 - INFO - Turnos guardados exitosamente en turnos.json
2025-06-18 17:28:21,588 - INFO - Turnos cargados exitosamente desde turnos.json
2025-06-18 17:28:21,589 - INFO - Reservas cargadas exitosamente desde reservas.json
2025-06-18 17:29:11,352 - INFO - Turnos cargados exitosamente desde turnos.json
2025-06-18 17:29:11,352 - INFO - Reservas cargadas exitosamente desde reservas.json
2025-06-18 17:29:34,624 - INFO - Reservas guardadas exitosamente en reservas.json
2025-06-18 17:29:34,626 - INFO - Turnos guardados exitosamente en turnos.json
2025-06-18 17:34:53,226 - INFO - Turnos cargados exitosamente desde turnos.json
2025-06-18 17:34:53,226 - INFO - Reservas cargadas exitosamente desde reservas.json
2025-06-18 17:51:28,763 - INFO - Turnos cargados exitosamente desde turnos.json
2025-06-18 17:51:28,764 - INFO - Reservas cargadas exitosamente desde reservas.json
2025-06-18 17:57:15,809 - INFO - Reservas guardadas exitosamente en reservas.json
2025-06-18 17:57:15,811 - INFO - Turnos guardados exitosamente en turnos.json
2025-06-18 17:58:51,364 - INFO - Turnos cargados exitosamente desde turnos.json
2025-06-18 17:58:51,365 - INFO - Reservas cargadas exitosamente desde reservas.json
2025-06-18 17:59:32,203 - INFO - Reservas guardadas exitosamente en reservas.json
2025-06-18 17:59:32,204 - INFO - Turnos guardados exitosamente en turnos.json
2025-06-18 18:02:50,078 - INFO - Turnos cargados exitosamente desde turnos.json
2025-06-18 18:02:50,078 - INFO - Reservas cargadas exitosamente desde reservas.json
2025-06-18 18:03:12,962 - INFO - Reservas guardadas exitosamente en reservas.json
2025-06-18 18:03:12,964 - INFO - Turnos guardados exitosamente en turnos.json
2025-06-18 18:04:53,896 - INFO - Turnos cargados exitosamente desde turnos.json
2025-06-18 18:04:53,896 - INFO - Reservas cargadas exitosamente desde reservas.json
2025-06-18 18:15:22,787 - INFO - Turnos cargados exitosamente desde turnos.json
2025-06-18 18:15:22,787 - INFO - Reservas cargadas exitosamente desde reservas.json
2025-06-18 18:17:37,949 - INFO - Turnos cargados exitosamente desde turnos.json
2025-06-18 18:17:37,950 - INFO - Reservas cargadas exitosamente desde reservas.json
2025-06-18 18:18:13,115 - INFO - Reservas guardadas exitosamente en reservas.json
2025-06-18 18:18:13,117 - INFO - Turnos guardados exitosamente en turnos.json
2025-06-18 18:20:42,464 - INFO - Turnos cargados exitosamente desde turnos.json
2025-06-18 18:20:42,465 - INFO - Reservas cargadas exitosamente desde reservas.json
2025-06-18 18:21:02,592 - INFO - Reservas guardadas exitosamente en reservas.json
2025-06-18 18:21:02,594 - INFO - Turnos guardados exitosamente en turnos.json
2025-06-18 18:24:36,716 - INFO - Turnos cargados exitosamente desde turnos.json
2025-06-18 18:24:36,716 - INFO - Reservas cargadas exitosamente desde reservas.json
2025-06-18 18:27:14,567 - INFO - Turnos cargados exitosamente desde turnos.json
2025-06-18 18:27:14,568 - INFO - Reservas cargadas exitosamente desde reservas.json
2025-06-18 18:29:00,357 - INFO - Reservas guardadas exitosamente en reservas.json
2025-06-18 18:29:00,359 - INFO - Turnos guardados exitosamente en turnos.json
2025-06-18 18:29:00,360 - INFO - Turnos cargados exitosamente desde turnos.json
2025-06-18 18:29:00,361 - INFO - Reservas cargadas exitosamente desde reservas.json
2025-06-18 18:36:01,535 - INFO - Turnos cargados exitosamente desde turnos.json
2025-06-18 18:36:01,536 - INFO - Reservas cargadas exitosamente desde reservas.json
2025-06-18 18:38:04,253 - INFO - Turnos cargados exitosamente desde turnos.json
2025-06-18 18:38:04,253 - INFO - Reservas cargadas exitosamente desde reservas.json
2025-06-18 18:38:50,551 - INFO - Reservas guardadas exitosamente en reservas.json
2025-06-18 18:38:50,553 - INFO - Turnos guardados exitosamente en turnos.json
2025-06-18 18:38:50,554 - INFO - Turnos cargados exitosamente desde turnos.json
2025-06-18 18:38:50,554 - INFO - Reservas cargadas exitosamente desde reservas.json
2025-06-18 18:42:55,610 - INFO - Turnos cargados exitosamente desde turnos.json
2025-06-18 18:42:55,611 - INFO - Reservas cargadas exitosamente desde reservas.json
2025-06-18 18:47:49,013 - INFO - Turnos cargados exitosamente desde turnos.json
2025-06-18 18:47:49,014 - INFO - Reservas cargadas exitosamente desde reservas.json
2025-06-18 18:48:31,211 - INFO - Reservas guardadas exitosamente en reservas.json
2025-06-18 18:48:31,213 - INFO - Turnos guardados exitosamente en turnos.json
2025-06-18 18:48:31,214 - INFO - Turnos cargados exitosamente desde turnos.json
2025-06-18 18:48:31,215 - INFO - Reservas cargadas exitosamente desde reservas.json
2025-06-18 18:50:14,523 - INFO - Turnos cargados exitosamente desde turnos.json
2025-06-18 18:50:14,523 - INFO - Reservas cargadas exitosamente desde reservas.json
2025-06-18 18:53:27,663 - INFO - Turnos cargados exitosamente desde turnos.json
2025-06-18 18:53:27,663 - INFO - Reservas cargadas exitosamente desde reservas.json
2025-06-18 18:55:17,014 - INFO - Turnos cargados exitosamente desde turnos.json
2025-06-18 18:55:17,014 - INFO - Reservas cargadas exitosamente desde reservas.json
2025-06-18 18:58:16,429 - INFO - Turnos cargados exitosamente desde turnos.json
2025-06-18 18:58:16,430 - INFO - Reservas cargadas exitosamente desde reservas.json
2025-06-18 19:03:07,348 - INFO - Turnos cargados exitosamente desde turnos.json
2025-06-18 19:03:07,348 - INFO - Reservas cargadas exitosamente desde reservas.json
2025-06-18 19:06:33,221 - INFO - Turnos cargados exitosamente desde turnos.json
2025-06-18 19:06:33,221 - INFO - Reservas cargadas exitosamente desde reservas.json
2025-06-18 19:14:54,637 - INFO - Turnos cargados exitosamente desde turnos.json
2025-06-18 19:14:54,638 - INFO - Reservas cargadas exitosamente desde reservas.json
2025-06-18 19:19:49,265 - INFO - Turnos cargados exitosamente desde turnos.json
2025-06-18 19:19:49,267 - INFO - Reservas cargadas exitosamente desde reservas.json
2025-06-18 19:20:07,248 - INFO - Reservas guardadas exitosamente en reservas.json
2025-06-18 19:20:07,251 - INFO - Turnos guardados exitosamente en turnos.json
2025-06-18 19:20:07,252 - INFO - Turnos cargados exitosamente desde turnos.json
2025-06-18 19:20:07,252 - INFO - Reservas cargadas exitosamente desde reservas.json
2025-06-18 19:26:03,618 - INFO - Turnos cargados exitosamente desde turnos.json
2025-06-18 19:26:03,619 - INFO - Reservas cargadas exitosamente desde reservas.json
2025-06-18 19:30:06,924 - INFO - Turnos cargados exitosamente desde turnos.json
2025-06-18 19:30:06,925 - INFO - Reservas cargadas exitosamente desde reservas.json
2025-06-18 19:38:28,493 - INFO - Turnos cargados exitosamente desde turnos.json
2025-06-18 19:38:28,494 - INFO - Reservas cargadas exitosamente desde reservas.json
2025-06-18 19:40:09,835 - INFO - Turnos cargados exitosamente desde turnos.json
2025-06-18 19:40:09,835 - INFO - Reservas cargadas exitosamente desde reservas.json
2025-06-18 19:45:05,903 - INFO - Turnos cargados exitosamente desde turnos.json
2025-06-18 19:45:05,904 - INFO - Reservas cargadas exitosamente desde reservas.json
2025-06-18 19:48:01,116 - INFO - Turnos cargados exitosamente desde turnos.json
2025-06-18 19:48:01,117 - INFO - Reservas cargadas exitosamente desde reservas.json
2025-06-18 19:48:33,990 - INFO - Reservas guardadas exitosamente en reservas.json
2025-06-18 19:48:33,992 - INFO - Turnos guardados exitosamente en turnos.json
2025-06-18 19:48:33,993 - INFO - Turnos cargados exitosamente desde turnos.json
2025-06-18 19:48:33,994 - INFO - Reservas cargadas exitosamente desde reservas.json
2025-06-18 19:49:13,575 - INFO - Turnos cargados exitosamente desde turnos.json
2025-06-18 19:49:13,576 - INFO - Reservas cargadas exitosamente desde reservas.json
2025-06-18 20:00:13,263 - INFO - Turnos cargados exitosamente desde turnos.json
2025-06-18 20:00:13,264 - INFO - Reservas cargadas exitosamente desde reservas.json
2025-06-18 20:12:28,955 - INFO - Turnos cargados exitosamente desde turnos.json
2025-06-18 20:12:28,955 - INFO - Reservas cargadas exitosamente desde reservas.json
2025-06-18 20:14:10,228 - INFO - Turnos cargados exitosamente desde turnos.json
2025-06-18 20:14:10,229 - INFO - Reservas cargadas exitosamente desde reservas.json
2025-06-18 20:23:23,153 - INFO - Turnos cargados exitosamente desde turnos.json
2025-06-18 20:23:23,154 - INFO - Reservas cargadas exitosamente desde reservas.json
2025-06-18 20:23:57,375 - INFO - Reservas guardadas exitosamente en reservas.json
2025-06-18 20:23:57,378 - INFO - Turnos guardados exitosamente en turnos.json
2025-06-18 20:23:57,379 - INFO - Turnos cargados exitosamente desde turnos.json
2025-06-18 20:23:57,380 - INFO - Reservas cargadas exitosamente desde reservas.json
2025-06-18 20:24:13,420 - INFO - Reservas guardadas exitosamente en reservas.json
2025-06-18 20:24:13,422 - INFO - Turnos guardados exitosamente en turnos.json
2025-06-18 20:24:13,422 - INFO - Turnos cargados exitosamente desde turnos.json
2025-06-18 20:24:13,423 - INFO - Reservas cargadas exitosamente desde reservas.json
2025-06-18 20:28:25,334 - INFO - Turnos cargados exitosamente desde turnos.json
2025-06-18 20:28:25,335 - INFO - Reservas cargadas exitosamente desde reservas.json
2025-06-18 20:31:08,493 - INFO - Turnos cargados exitosamente desde turnos.json
2025-06-18 20:31:08,494 - INFO - Reservas cargadas exitosamente desde reservas.json
2025-06-18 22:34:36,940 - INFO - Turnos cargados exitosamente desde turnos.json
2025-06-18 22:34:36,941 - INFO - Reservas cargadas exitosamente desde reservas.json
2025-06-18 22:36:09,413 - INFO - Reservas guardadas exitosamente en reservas.json
2025-06-18 22:36:09,416 - INFO - Turnos guardados exitosamente en turnos.json
2025-06-18 22:36:09,419 - INFO - Turnos cargados exitosamente desde turnos.json
2025-06-18 22:36:09,420 - INFO - Reservas cargadas exitosamente desde reservas.json
2025-06-18 22:36:20,912 - INFO - Reservas guardadas exitosamente en reservas.json
2025-06-18 22:36:20,915 - INFO - Turnos guardados exitosamente en turnos.json
2025-06-18 22:36:20,916 - INFO - Turnos cargados exitosamente desde turnos.json
2025-06-18 22:36:20,917 - INFO - Reservas cargadas exitosamente desde reservas.json
2025-06-19 02:51:03,286 - INFO - Turnos cargados exitosamente desde turnos.json
2025-06-19 02:51:03,286 - INFO - Reservas cargadas exitosamente desde reservas.json
2025-06-19 02:51:28,754 - INFO - Reservas guardadas exitosamente en reservas.json
2025-06-19 02:51:28,757 - INFO - Turnos guardados exitosamente en turnos.json
2025-06-19 02:51:28,759 - INFO - Turnos cargados exitosamente desde turnos.json
2025-06-19 02:51:28,759 - INFO - Reservas cargadas exitosamente desde reservas.json
